<?xml version="1.0" encoding="utf-8"?><testsuites name="pytest tests"><testsuite name="pytest" errors="0" failures="0" skipped="0" tests="11" time="3.587" timestamp="2026-06-13T14:41:35.699247+00:00" hostname="agent-env-621cf962-4805-4158-abc1-ef45fbe7cac7"><testcase classname="backend.tests.test_tidsregistrering" name="test_users_list" time="0.362" /><testcase classname="backend.tests.test_tidsregistrering" name="test_projects_list" time="0.054" /><testcase classname="backend.tests.test_tidsregistrering" name="test_activities_list" time="0.061" /><testcase classname="backend.tests.test_tidsregistrering" name="test_activities_filter_status" time="0.067" /><testcase classname="backend.tests.test_tidsregistrering" name="test_time_entry_upsert_creates_and_updates" time="0.408" /><testcase classname="backend.tests.test_tidsregistrering" name="test_save_week" time="0.364" /><testcase classname="backend.tests.test_tidsregistrering" name="test_copy_previous_week" time="0.445" /><testcase classname="backend.tests.test_tidsregistrering" name="test_my_activity_add_remove" time="0.384" /><testcase classname="backend.tests.test_tidsregistrering" name="test_toggle_favorite" time="0.279" /><testcase classname="backend.tests.test_tidsregistrering" name="test_activity_crud" time="0.446" /><testcase classname="backend.tests.test_tidsregistrering" name="test_overview" time="0.069" /></testsuite></testsuites>